(base) rida@nat-wireless-guest-reg-153-51 cs440 % javac -cp "./lib/*:." @tetris.srcs
java -cp "./lib/*:." edu.bu.tetris.Main -q src.pas.tetris.agents.TetrisQAgent -p 5000 -t 100 -v 50 -n .000001 -b 5000 -s -c 1000000000 -g 0.99 -u 3
[INFO] TrainerAgent.initialize: creating replay buffer of size [5000]
[INFO] TrainerAgent.onGameEnd: After 1 phase(s), avg trajectory utility = -19785.732083470804
[INFO] TrainerAgent.onGameEnd: After 2 phase(s), avg trajectory utility = -19491.535020359766
[INFO] TrainerAgent.onGameEnd: After 3 phase(s), avg trajectory utility = -21805.412718343836
[INFO] TrainerAgent.onGameEnd: After 4 phase(s), avg trajectory utility = -21058.331052239148
[INFO] TrainerAgent.onGameEnd: After 5 phase(s), avg trajectory utility = -21032.442427307877
[INFO] TrainerAgent.onGameEnd: After 6 phase(s), avg trajectory utility = -21685.33120898043
[INFO] TrainerAgent.onGameEnd: After 7 phase(s), avg trajectory utility = -20079.20235414624
[INFO] TrainerAgent.onGameEnd: After 8 phase(s), avg trajectory utility = -17663.465414945633
[INFO] TrainerAgent.onGameEnd: After 9 phase(s), avg trajectory utility = -21360.968086121018
[INFO] TrainerAgent.onGameEnd: After 10 phase(s), avg trajectory utility = -19050.709763921728
[INFO] TrainerAgent.onGameEnd: After 11 phase(s), avg trajectory utility = -17034.779045182942
[INFO] TrainerAgent.onGameEnd: After 12 phase(s), avg trajectory utility = -20191.32446075404
[INFO] TrainerAgent.onGameEnd: After 13 phase(s), avg trajectory utility = -15437.812377721963
[INFO] TrainerAgent.onGameEnd: After 14 phase(s), avg trajectory utility = -16498.097914749495
[INFO] TrainerAgent.onGameEnd: After 15 phase(s), avg trajectory utility = -17698.099710265742
[INFO] TrainerAgent.onGameEnd: After 16 phase(s), avg trajectory utility = -13624.325262353133
[INFO] TrainerAgent.onGameEnd: After 17 phase(s), avg trajectory utility = -18522.299374174014
[INFO] TrainerAgent.onGameEnd: After 18 phase(s), avg trajectory utility = -14063.925682165895
[INFO] TrainerAgent.onGameEnd: After 19 phase(s), avg trajectory utility = -20583.068424499896
[INFO] TrainerAgent.onGameEnd: After 20 phase(s), avg trajectory utility = -14214.79342820072
[INFO] TrainerAgent.onGameEnd: After 21 phase(s), avg trajectory utility = -12657.15493067112
[INFO] TrainerAgent.onGameEnd: After 22 phase(s), avg trajectory utility = -15341.02149563919
[INFO] TrainerAgent.onGameEnd: After 23 phase(s), avg trajectory utility = -13470.88668328876
[INFO] TrainerAgent.onGameEnd: After 24 phase(s), avg trajectory utility = -13814.027066815268
[INFO] TrainerAgent.onGameEnd: After 25 phase(s), avg trajectory utility = -5550.833500035697
[INFO] TrainerAgent.onGameEnd: After 26 phase(s), avg trajectory utility = -12885.452225234054
[INFO] TrainerAgent.onGameEnd: After 27 phase(s), avg trajectory utility = -14103.712622915942
[INFO] TrainerAgent.onGameEnd: After 28 phase(s), avg trajectory utility = -10734.252835415771
[INFO] TrainerAgent.onGameEnd: After 29 phase(s), avg trajectory utility = -11441.56885242037
[INFO] TrainerAgent.onGameEnd: After 30 phase(s), avg trajectory utility = -11098.866147857394
[INFO] TrainerAgent.onGameEnd: After 31 phase(s), avg trajectory utility = -7650.429293601428
[INFO] TrainerAgent.onGameEnd: After 32 phase(s), avg trajectory utility = -13160.469902247583
[INFO] TrainerAgent.onGameEnd: After 33 phase(s), avg trajectory utility = -8656.290563183953
[INFO] TrainerAgent.onGameEnd: After 34 phase(s), avg trajectory utility = -8476.532188016154
[INFO] TrainerAgent.onGameEnd: After 35 phase(s), avg trajectory utility = -8747.617372208893
[INFO] TrainerAgent.onGameEnd: After 36 phase(s), avg trajectory utility = -7043.209328039018
[INFO] TrainerAgent.onGameEnd: After 37 phase(s), avg trajectory utility = -7833.912374146383
[INFO] TrainerAgent.onGameEnd: After 38 phase(s), avg trajectory utility = -9433.155304862015
[INFO] TrainerAgent.onGameEnd: After 39 phase(s), avg trajectory utility = -6492.6989053037005
[INFO] TrainerAgent.onGameEnd: After 40 phase(s), avg trajectory utility = -9108.890674858074
[INFO] TrainerAgent.onGameEnd: After 41 phase(s), avg trajectory utility = -6428.191772594662
[INFO] TrainerAgent.onGameEnd: After 42 phase(s), avg trajectory utility = -4629.095947948376
[INFO] TrainerAgent.onGameEnd: After 43 phase(s), avg trajectory utility = -9976.337802809076
[INFO] TrainerAgent.onGameEnd: After 44 phase(s), avg trajectory utility = -10160.531772865197
[INFO] TrainerAgent.onGameEnd: After 45 phase(s), avg trajectory utility = -9787.454923948775
[INFO] TrainerAgent.onGameEnd: After 46 phase(s), avg trajectory utility = -8510.998653904866
[INFO] TrainerAgent.onGameEnd: After 47 phase(s), avg trajectory utility = -6520.756845095668
[INFO] TrainerAgent.onGameEnd: After 48 phase(s), avg trajectory utility = -11367.396078577127
[INFO] TrainerAgent.onGameEnd: After 49 phase(s), avg trajectory utility = -9546.497896985398
[INFO] TrainerAgent.onGameEnd: After 50 phase(s), avg trajectory utility = -6461.324472053853
[INFO] TrainerAgent.onGameEnd: After 51 phase(s), avg trajectory utility = -4511.634804920918
[INFO] TrainerAgent.onGameEnd: After 52 phase(s), avg trajectory utility = -5038.7906916941265
[INFO] TrainerAgent.onGameEnd: After 53 phase(s), avg trajectory utility = -7344.30933152496
[INFO] TrainerAgent.onGameEnd: After 54 phase(s), avg trajectory utility = -3707.435014418792
[INFO] TrainerAgent.onGameEnd: After 55 phase(s), avg trajectory utility = -9425.6690160785
[INFO] TrainerAgent.onGameEnd: After 56 phase(s), avg trajectory utility = -6301.644486513954
[INFO] TrainerAgent.onGameEnd: After 57 phase(s), avg trajectory utility = -11030.627113901712
[INFO] TrainerAgent.onGameEnd: After 58 phase(s), avg trajectory utility = -8138.940843279503
[INFO] TrainerAgent.onGameEnd: After 59 phase(s), avg trajectory utility = -6018.723341565572
[INFO] TrainerAgent.onGameEnd: After 60 phase(s), avg trajectory utility = -8306.27565589391
[INFO] TrainerAgent.onGameEnd: After 61 phase(s), avg trajectory utility = -8153.783048763464
[INFO] TrainerAgent.onGameEnd: After 62 phase(s), avg trajectory utility = -8835.917184816772
[INFO] TrainerAgent.onGameEnd: After 63 phase(s), avg trajectory utility = -10471.318171083894
[INFO] TrainerAgent.onGameEnd: After 64 phase(s), avg trajectory utility = -4409.377382923602
[INFO] TrainerAgent.onGameEnd: After 65 phase(s), avg trajectory utility = -2727.990886169106
[INFO] TrainerAgent.onGameEnd: After 66 phase(s), avg trajectory utility = -6575.68437913037
[INFO] TrainerAgent.onGameEnd: After 67 phase(s), avg trajectory utility = -6485.773438859931
[INFO] TrainerAgent.onGameEnd: After 68 phase(s), avg trajectory utility = -4491.453605305685
[INFO] TrainerAgent.onGameEnd: After 69 phase(s), avg trajectory utility = -4921.0756507497135
[INFO] TrainerAgent.onGameEnd: After 70 phase(s), avg trajectory utility = -4306.095499133343
[INFO] TrainerAgent.onGameEnd: After 71 phase(s), avg trajectory utility = -9027.295698157555
[INFO] TrainerAgent.onGameEnd: After 72 phase(s), avg trajectory utility = -10530.319997144554
[INFO] TrainerAgent.onGameEnd: After 73 phase(s), avg trajectory utility = -9144.66211655974
[INFO] TrainerAgent.onGameEnd: After 74 phase(s), avg trajectory utility = -8567.847580612932
[INFO] TrainerAgent.onGameEnd: After 75 phase(s), avg trajectory utility = -3415.7481858594087
[INFO] TrainerAgent.onGameEnd: After 76 phase(s), avg trajectory utility = -5893.181552096693
[INFO] TrainerAgent.onGameEnd: After 77 phase(s), avg trajectory utility = -5175.036543332245
[INFO] TrainerAgent.onGameEnd: After 78 phase(s), avg trajectory utility = -7781.182066419498
[INFO] TrainerAgent.onGameEnd: After 79 phase(s), avg trajectory utility = -4843.52184362731
[INFO] TrainerAgent.onGameEnd: After 80 phase(s), avg trajectory utility = -4102.0722283956175
[INFO] TrainerAgent.onGameEnd: After 81 phase(s), avg trajectory utility = -7724.466827326268
[INFO] TrainerAgent.onGameEnd: After 82 phase(s), avg trajectory utility = -5553.308382440631
[INFO] TrainerAgent.onGameEnd: After 83 phase(s), avg trajectory utility = -9737.109923160675
[INFO] TrainerAgent.onGameEnd: After 84 phase(s), avg trajectory utility = -6774.3081200483775
[INFO] TrainerAgent.onGameEnd: After 85 phase(s), avg trajectory utility = -5733.487851653415
[INFO] TrainerAgent.onGameEnd: After 86 phase(s), avg trajectory utility = -4626.547278134912
[INFO] TrainerAgent.onGameEnd: After 87 phase(s), avg trajectory utility = -5679.916527051613
[INFO] TrainerAgent.onGameEnd: After 88 phase(s), avg trajectory utility = -2794.517754068143
[INFO] TrainerAgent.onGameEnd: After 89 phase(s), avg trajectory utility = -9084.367622167776
[INFO] TrainerAgent.onGameEnd: After 90 phase(s), avg trajectory utility = -6385.877285499865
[INFO] TrainerAgent.onGameEnd: After 91 phase(s), avg trajectory utility = -7490.411303001102
[INFO] TrainerAgent.onGameEnd: After 92 phase(s), avg trajectory utility = -7421.310727589679
[INFO] TrainerAgent.onGameEnd: After 93 phase(s), avg trajectory utility = -8130.1043731931895
[INFO] TrainerAgent.onGameEnd: After 94 phase(s), avg trajectory utility = -7948.071491673738
[INFO] TrainerAgent.onGameEnd: After 95 phase(s), avg trajectory utility = -4873.285499751519
[INFO] TrainerAgent.onGameEnd: After 96 phase(s), avg trajectory utility = -7613.269152155929
[INFO] TrainerAgent.onGameEnd: After 97 phase(s), avg trajectory utility = -1538.0705794115493
[INFO] TrainerAgent.onGameEnd: After 98 phase(s), avg trajectory utility = -6051.797412039961
[INFO] TrainerAgent.onGameEnd: After 99 phase(s), avg trajectory utility = -6701.588546108946
[INFO] TrainerAgent.onGameEnd: After 100 phase(s), avg trajectory utility = -9022.430277892881
[INFO] TrainerAgent.onGameEnd: After 101 phase(s), avg trajectory utility = -10083.943394626174
[INFO] TrainerAgent.onGameEnd: After 102 phase(s), avg trajectory utility = -12918.207445279804
[INFO] TrainerAgent.onGameEnd: After 103 phase(s), avg trajectory utility = -8096.402690369901
[INFO] TrainerAgent.onGameEnd: After 104 phase(s), avg trajectory utility = -7903.939850648128
[INFO] TrainerAgent.onGameEnd: After 105 phase(s), avg trajectory utility = -14124.614173527032
[INFO] TrainerAgent.onGameEnd: After 106 phase(s), avg trajectory utility = -8154.385850180181
[INFO] TrainerAgent.onGameEnd: After 107 phase(s), avg trajectory utility = -8148.591989519928
[INFO] TrainerAgent.onGameEnd: After 108 phase(s), avg trajectory utility = -11850.75916920691
[INFO] TrainerAgent.onGameEnd: After 109 phase(s), avg trajectory utility = -3473.148998337068
[INFO] TrainerAgent.onGameEnd: After 110 phase(s), avg trajectory utility = -11179.79231883508
[INFO] TrainerAgent.onGameEnd: After 111 phase(s), avg trajectory utility = -9083.955710790584
[INFO] TrainerAgent.onGameEnd: After 112 phase(s), avg trajectory utility = -5146.498110776423
[INFO] TrainerAgent.onGameEnd: After 113 phase(s), avg trajectory utility = -5934.067789380076
[INFO] TrainerAgent.onGameEnd: After 114 phase(s), avg trajectory utility = -3880.248002286759
[INFO] TrainerAgent.onGameEnd: After 115 phase(s), avg trajectory utility = -8157.69562887048
[INFO] TrainerAgent.onGameEnd: After 116 phase(s), avg trajectory utility = -5891.292135150537
[INFO] TrainerAgent.onGameEnd: After 117 phase(s), avg trajectory utility = -5407.887521588763
[INFO] TrainerAgent.onGameEnd: After 118 phase(s), avg trajectory utility = -7564.3444016481335
[INFO] TrainerAgent.onGameEnd: After 119 phase(s), avg trajectory utility = -8526.655142753109
[INFO] TrainerAgent.onGameEnd: After 120 phase(s), avg trajectory utility = -6881.108869923757
[INFO] TrainerAgent.onGameEnd: After 121 phase(s), avg trajectory utility = -3132.087720836901
[INFO] TrainerAgent.onGameEnd: After 122 phase(s), avg trajectory utility = -7842.304867150965
[INFO] TrainerAgent.onGameEnd: After 123 phase(s), avg trajectory utility = -7649.406680785087
[INFO] TrainerAgent.onGameEnd: After 124 phase(s), avg trajectory utility = -4911.855597938285
[INFO] TrainerAgent.onGameEnd: After 125 phase(s), avg trajectory utility = -10678.12368788333
[INFO] TrainerAgent.onGameEnd: After 126 phase(s), avg trajectory utility = -9720.134213494359
[INFO] TrainerAgent.onGameEnd: After 127 phase(s), avg trajectory utility = -8503.13525007125
[INFO] TrainerAgent.onGameEnd: After 128 phase(s), avg trajectory utility = -3027.3262324357725
[INFO] TrainerAgent.onGameEnd: After 129 phase(s), avg trajectory utility = -6286.762837869689
[INFO] TrainerAgent.onGameEnd: After 130 phase(s), avg trajectory utility = -5596.411445274347
[INFO] TrainerAgent.onGameEnd: After 131 phase(s), avg trajectory utility = -8361.762431305897
[INFO] TrainerAgent.onGameEnd: After 132 phase(s), avg trajectory utility = -5723.082322834372
[INFO] TrainerAgent.onGameEnd: After 133 phase(s), avg trajectory utility = -8151.66008717994
[INFO] TrainerAgent.onGameEnd: After 134 phase(s), avg trajectory utility = -3590.353012236455
[INFO] TrainerAgent.onGameEnd: After 135 phase(s), avg trajectory utility = -6619.280343246817
[INFO] TrainerAgent.onGameEnd: After 136 phase(s), avg trajectory utility = -10958.477495343224
[INFO] TrainerAgent.onGameEnd: After 137 phase(s), avg trajectory utility = -3481.0815694409353
[INFO] TrainerAgent.onGameEnd: After 138 phase(s), avg trajectory utility = -5575.819906353615
[INFO] TrainerAgent.onGameEnd: After 139 phase(s), avg trajectory utility = -8700.90728470817
[INFO] TrainerAgent.onGameEnd: After 140 phase(s), avg trajectory utility = -5027.175754165967
[INFO] TrainerAgent.onGameEnd: After 141 phase(s), avg trajectory utility = -5708.268148645297
[INFO] TrainerAgent.onGameEnd: After 142 phase(s), avg trajectory utility = -6435.482615030155
[INFO] TrainerAgent.onGameEnd: After 143 phase(s), avg trajectory utility = -8359.372813883478
[INFO] TrainerAgent.onGameEnd: After 144 phase(s), avg trajectory utility = -4303.74551297035
[INFO] TrainerAgent.onGameEnd: After 145 phase(s), avg trajectory utility = -5506.2039502633315
[INFO] TrainerAgent.onGameEnd: After 146 phase(s), avg trajectory utility = -8553.736539893956
[INFO] TrainerAgent.onGameEnd: After 147 phase(s), avg trajectory utility = -6661.553326471473
[INFO] TrainerAgent.onGameEnd: After 148 phase(s), avg trajectory utility = -7638.299140467523
[INFO] TrainerAgent.onGameEnd: After 149 phase(s), avg trajectory utility = -6169.465664948608
[INFO] TrainerAgent.onGameEnd: After 150 phase(s), avg trajectory utility = -4799.923875762414
[INFO] TrainerAgent.onGameEnd: After 151 phase(s), avg trajectory utility = -6101.553373636869
[INFO] TrainerAgent.onGameEnd: After 152 phase(s), avg trajectory utility = -11832.550563949675
[INFO] TrainerAgent.onGameEnd: After 153 phase(s), avg trajectory utility = -7495.5966380369955
[INFO] TrainerAgent.onGameEnd: After 154 phase(s), avg trajectory utility = -7940.731598490014
[INFO] TrainerAgent.onGameEnd: After 155 phase(s), avg trajectory utility = -5224.000117421219
[INFO] TrainerAgent.onGameEnd: After 156 phase(s), avg trajectory utility = -5242.497634335181
[INFO] TrainerAgent.onGameEnd: After 157 phase(s), avg trajectory utility = -10266.175464242133
[INFO] TrainerAgent.onGameEnd: After 158 phase(s), avg trajectory utility = -8134.528087622947
[INFO] TrainerAgent.onGameEnd: After 159 phase(s), avg trajectory utility = -9320.536312753866
[INFO] TrainerAgent.onGameEnd: After 160 phase(s), avg trajectory utility = -9357.853541255023
[INFO] TrainerAgent.onGameEnd: After 161 phase(s), avg trajectory utility = -9022.524627010374
[INFO] TrainerAgent.onGameEnd: After 162 phase(s), avg trajectory utility = -9036.021567513075
[INFO] TrainerAgent.onGameEnd: After 163 phase(s), avg trajectory utility = -4820.1045032650945
[INFO] TrainerAgent.onGameEnd: After 164 phase(s), avg trajectory utility = -5935.726373043211
[INFO] TrainerAgent.onGameEnd: After 165 phase(s), avg trajectory utility = -7614.651366831074
[INFO] TrainerAgent.onGameEnd: After 166 phase(s), avg trajectory utility = -6909.568183479115
[INFO] TrainerAgent.onGameEnd: After 167 phase(s), avg trajectory utility = -5250.722852978079
[INFO] TrainerAgent.onGameEnd: After 168 phase(s), avg trajectory utility = -7068.8949696920645
[INFO] TrainerAgent.onGameEnd: After 169 phase(s), avg trajectory utility = -9700.015637034641
[INFO] TrainerAgent.onGameEnd: After 170 phase(s), avg trajectory utility = -7045.940825015697
[INFO] TrainerAgent.onGameEnd: After 171 phase(s), avg trajectory utility = -8432.24923896
[INFO] TrainerAgent.onGameEnd: After 172 phase(s), avg trajectory utility = -4431.910811602234
[INFO] TrainerAgent.onGameEnd: After 173 phase(s), avg trajectory utility = -7170.211120690833
[INFO] TrainerAgent.onGameEnd: After 174 phase(s), avg trajectory utility = -9413.234330939966
[INFO] TrainerAgent.onGameEnd: After 175 phase(s), avg trajectory utility = -7698.056891032724
[INFO] TrainerAgent.onGameEnd: After 176 phase(s), avg trajectory utility = -6172.635382060135
[INFO] TrainerAgent.onGameEnd: After 177 phase(s), avg trajectory utility = -7771.490481040073
[INFO] TrainerAgent.onGameEnd: After 178 phase(s), avg trajectory utility = -6735.112917386868
[INFO] TrainerAgent.onGameEnd: After 179 phase(s), avg trajectory utility = -8663.889128043484
[INFO] TrainerAgent.onGameEnd: After 180 phase(s), avg trajectory utility = -8109.900720742431
[INFO] TrainerAgent.onGameEnd: After 181 phase(s), avg trajectory utility = -9852.204725475323
[INFO] TrainerAgent.onGameEnd: After 182 phase(s), avg trajectory utility = -4128.750083709681
[INFO] TrainerAgent.onGameEnd: After 183 phase(s), avg trajectory utility = -10318.317322494333
[INFO] TrainerAgent.onGameEnd: After 184 phase(s), avg trajectory utility = -9254.273741102446
[INFO] TrainerAgent.onGameEnd: After 185 phase(s), avg trajectory utility = -5019.407304383187
[INFO] TrainerAgent.onGameEnd: After 186 phase(s), avg trajectory utility = -9716.827070324534
[INFO] TrainerAgent.onGameEnd: After 187 phase(s), avg trajectory utility = -9047.756619422653
[INFO] TrainerAgent.onGameEnd: After 188 phase(s), avg trajectory utility = -7749.701905700172
[INFO] TrainerAgent.onGameEnd: After 189 phase(s), avg trajectory utility = -9438.304481158668
[INFO] TrainerAgent.onGameEnd: After 190 phase(s), avg trajectory utility = -6718.678302106016
[INFO] TrainerAgent.onGameEnd: After 191 phase(s), avg trajectory utility = -7606.971889906912
[INFO] TrainerAgent.onGameEnd: After 192 phase(s), avg trajectory utility = -5570.585461217059
[INFO] TrainerAgent.onGameEnd: After 193 phase(s), avg trajectory utility = -9107.974958309547
[INFO] TrainerAgent.onGameEnd: After 194 phase(s), avg trajectory utility = -8460.49768652207
[INFO] TrainerAgent.onGameEnd: After 195 phase(s), avg trajectory utility = -8010.149059726078
[INFO] TrainerAgent.onGameEnd: After 196 phase(s), avg trajectory utility = -7895.692494560154
[INFO] TrainerAgent.onGameEnd: After 197 phase(s), avg trajectory utility = -11046.269795981416
[INFO] TrainerAgent.onGameEnd: After 198 phase(s), avg trajectory utility = -10291.611375445826
[INFO] TrainerAgent.onGameEnd: After 199 phase(s), avg trajectory utility = -6876.895000849514
[INFO] TrainerAgent.onGameEnd: After 200 phase(s), avg trajectory utility = -9345.833638490092
[INFO] TrainerAgent.onGameEnd: After 201 phase(s), avg trajectory utility = -7828.973117782506
[INFO] TrainerAgent.onGameEnd: After 202 phase(s), avg trajectory utility = -6687.605962076206
[INFO] TrainerAgent.onGameEnd: After 203 phase(s), avg trajectory utility = -9426.04749925211
[INFO] TrainerAgent.onGameEnd: After 204 phase(s), avg trajectory utility = -5772.320271938714
[INFO] TrainerAgent.onGameEnd: After 205 phase(s), avg trajectory utility = -2403.6132069884984
[INFO] TrainerAgent.onGameEnd: After 206 phase(s), avg trajectory utility = -5915.155250027365
[INFO] TrainerAgent.onGameEnd: After 207 phase(s), avg trajectory utility = -8268.483845056955
[INFO] TrainerAgent.onGameEnd: After 208 phase(s), avg trajectory utility = -6407.584905352305
[INFO] TrainerAgent.onGameEnd: After 209 phase(s), avg trajectory utility = -5992.188017848626
[INFO] TrainerAgent.onGameEnd: After 210 phase(s), avg trajectory utility = -2974.0096189906167
[INFO] TrainerAgent.onGameEnd: After 211 phase(s), avg trajectory utility = -5695.343377926189
[INFO] TrainerAgent.onGameEnd: After 212 phase(s), avg trajectory utility = -7342.728879359293
[INFO] TrainerAgent.onGameEnd: After 213 phase(s), avg trajectory utility = -3480.585910321261
[INFO] TrainerAgent.onGameEnd: After 214 phase(s), avg trajectory utility = -7029.083334460016
[INFO] TrainerAgent.onGameEnd: After 215 phase(s), avg trajectory utility = -5856.122340961306
[INFO] TrainerAgent.onGameEnd: After 216 phase(s), avg trajectory utility = -7902.168717271661
[INFO] TrainerAgent.onGameEnd: After 217 phase(s), avg trajectory utility = -8443.062609968427
[INFO] TrainerAgent.onGameEnd: After 218 phase(s), avg trajectory utility = -8139.52206377442
[INFO] TrainerAgent.onGameEnd: After 219 phase(s), avg trajectory utility = -5265.639807326154
[INFO] TrainerAgent.onGameEnd: After 220 phase(s), avg trajectory utility = -10568.679117294518
[INFO] TrainerAgent.onGameEnd: After 221 phase(s), avg trajectory utility = -6318.772731449365
[INFO] TrainerAgent.onGameEnd: After 222 phase(s), avg trajectory utility = -7112.070827408385
[INFO] TrainerAgent.onGameEnd: After 223 phase(s), avg trajectory utility = -6130.214936840424
[INFO] TrainerAgent.onGameEnd: After 224 phase(s), avg trajectory utility = -7383.269783058219
[INFO] TrainerAgent.onGameEnd: After 225 phase(s), avg trajectory utility = -5260.84112490866
[INFO] TrainerAgent.onGameEnd: After 226 phase(s), avg trajectory utility = -12701.903645655106
[INFO] TrainerAgent.onGameEnd: After 227 phase(s), avg trajectory utility = -10869.538361380764
[INFO] TrainerAgent.onGameEnd: After 228 phase(s), avg trajectory utility = -7982.968071493745
[INFO] TrainerAgent.onGameEnd: After 229 phase(s), avg trajectory utility = -3995.7034436579033
[INFO] TrainerAgent.onGameEnd: After 230 phase(s), avg trajectory utility = -9510.37565757435
[INFO] TrainerAgent.onGameEnd: After 231 phase(s), avg trajectory utility = -8475.494074328997
[INFO] TrainerAgent.onGameEnd: After 232 phase(s), avg trajectory utility = -11442.535998403611
[INFO] TrainerAgent.onGameEnd: After 233 phase(s), avg trajectory utility = -8727.804236041073
[INFO] TrainerAgent.onGameEnd: After 234 phase(s), avg trajectory utility = -7411.838332485316
[INFO] TrainerAgent.onGameEnd: After 235 phase(s), avg trajectory utility = -4303.11007545233
[INFO] TrainerAgent.onGameEnd: After 236 phase(s), avg trajectory utility = -5377.318868928742
[INFO] TrainerAgent.onGameEnd: After 237 phase(s), avg trajectory utility = -9944.201856719721
[INFO] TrainerAgent.onGameEnd: After 238 phase(s), avg trajectory utility = -3357.3974731479398
[INFO] TrainerAgent.onGameEnd: After 239 phase(s), avg trajectory utility = -8629.916439303071
[INFO] TrainerAgent.onGameEnd: After 240 phase(s), avg trajectory utility = -6490.474249497524
[INFO] TrainerAgent.onGameEnd: After 241 phase(s), avg trajectory utility = -13651.795093517008
[INFO] TrainerAgent.onGameEnd: After 242 phase(s), avg trajectory utility = -8717.433279584458
[INFO] TrainerAgent.onGameEnd: After 243 phase(s), avg trajectory utility = -11453.547858568807
[INFO] TrainerAgent.onGameEnd: After 244 phase(s), avg trajectory utility = -6900.112241552584
[INFO] TrainerAgent.onGameEnd: After 245 phase(s), avg trajectory utility = -6577.630465264136
[INFO] TrainerAgent.onGameEnd: After 246 phase(s), avg trajectory utility = -6903.169211900721
[INFO] TrainerAgent.onGameEnd: After 247 phase(s), avg trajectory utility = -5558.634038402748
[INFO] TrainerAgent.onGameEnd: After 248 phase(s), avg trajectory utility = -6573.1581503007665
[INFO] TrainerAgent.onGameEnd: After 249 phase(s), avg trajectory utility = -7020.922536773039
[INFO] TrainerAgent.onGameEnd: After 250 phase(s), avg trajectory utility = -7012.456417361392
[INFO] TrainerAgent.onGameEnd: After 251 phase(s), avg trajectory utility = -6628.757706742673
[INFO] TrainerAgent.onGameEnd: After 252 phase(s), avg trajectory utility = -5033.855139132887
[INFO] TrainerAgent.onGameEnd: After 253 phase(s), avg trajectory utility = -6738.148979854968
[INFO] TrainerAgent.onGameEnd: After 254 phase(s), avg trajectory utility = -5827.682756198137
[INFO] TrainerAgent.onGameEnd: After 255 phase(s), avg trajectory utility = -7537.428469565324
[INFO] TrainerAgent.onGameEnd: After 256 phase(s), avg trajectory utility = -8965.766851517817
[INFO] TrainerAgent.onGameEnd: After 257 phase(s), avg trajectory utility = -6849.554375223725
[INFO] TrainerAgent.onGameEnd: After 258 phase(s), avg trajectory utility = -10256.495718403741
[INFO] TrainerAgent.onGameEnd: After 259 phase(s), avg trajectory utility = -9051.525559079253
[INFO] TrainerAgent.onGameEnd: After 260 phase(s), avg trajectory utility = -11378.781123523984
[INFO] TrainerAgent.onGameEnd: After 261 phase(s), avg trajectory utility = -6326.209375340235
[INFO] TrainerAgent.onGameEnd: After 262 phase(s), avg trajectory utility = -9781.506002020917
[INFO] TrainerAgent.onGameEnd: After 263 phase(s), avg trajectory utility = -8647.014193555458
[INFO] TrainerAgent.onGameEnd: After 264 phase(s), avg trajectory utility = -8544.935258485499
[INFO] TrainerAgent.onGameEnd: After 265 phase(s), avg trajectory utility = -8064.895101370665
[INFO] TrainerAgent.onGameEnd: After 266 phase(s), avg trajectory utility = -10876.661303035005
[INFO] TrainerAgent.onGameEnd: After 267 phase(s), avg trajectory utility = -7568.0320587208935
[INFO] TrainerAgent.onGameEnd: After 268 phase(s), avg trajectory utility = -7849.032503121976
[INFO] TrainerAgent.onGameEnd: After 269 phase(s), avg trajectory utility = -8507.027031382948
[INFO] TrainerAgent.onGameEnd: After 270 phase(s), avg trajectory utility = -8398.865434420304
[INFO] TrainerAgent.onGameEnd: After 271 phase(s), avg trajectory utility = -8549.565117738444
[INFO] TrainerAgent.onGameEnd: After 272 phase(s), avg trajectory utility = -5097.726388683913
[INFO] TrainerAgent.onGameEnd: After 273 phase(s), avg trajectory utility = -7955.761961375681
[INFO] TrainerAgent.onGameEnd: After 274 phase(s), avg trajectory utility = -8267.093235250522
[INFO] TrainerAgent.onGameEnd: After 275 phase(s), avg trajectory utility = -13714.663174910378
[INFO] TrainerAgent.onGameEnd: After 276 phase(s), avg trajectory utility = -5509.742532921162
[INFO] TrainerAgent.onGameEnd: After 277 phase(s), avg trajectory utility = -5160.832280509897
[INFO] TrainerAgent.onGameEnd: After 278 phase(s), avg trajectory utility = -2610.7785832103964
[INFO] TrainerAgent.onGameEnd: After 279 phase(s), avg trajectory utility = -10768.579142257113
[INFO] TrainerAgent.onGameEnd: After 280 phase(s), avg trajectory utility = -10715.153278088528
[INFO] TrainerAgent.onGameEnd: After 281 phase(s), avg trajectory utility = -3663.524311676522
[INFO] TrainerAgent.onGameEnd: After 282 phase(s), avg trajectory utility = -7940.470158639348
[INFO] TrainerAgent.onGameEnd: After 283 phase(s), avg trajectory utility = -11903.528961040263
[INFO] TrainerAgent.onGameEnd: After 284 phase(s), avg trajectory utility = -9139.518283977977
[INFO] TrainerAgent.onGameEnd: After 285 phase(s), avg trajectory utility = -9893.143706158491
[INFO] TrainerAgent.onGameEnd: After 286 phase(s), avg trajectory utility = -6654.614402846969
[INFO] TrainerAgent.onGameEnd: After 287 phase(s), avg trajectory utility = -9006.701344972815
[INFO] TrainerAgent.onGameEnd: After 288 phase(s), avg trajectory utility = -9334.300560618827
[INFO] TrainerAgent.onGameEnd: After 289 phase(s), avg trajectory utility = -7080.56938398732
[INFO] TrainerAgent.onGameEnd: After 290 phase(s), avg trajectory utility = -5153.262909468653
[INFO] TrainerAgent.onGameEnd: After 291 phase(s), avg trajectory utility = -6640.0473200764945
[INFO] TrainerAgent.onGameEnd: After 292 phase(s), avg trajectory utility = -5709.725617818946
[INFO] TrainerAgent.onGameEnd: After 293 phase(s), avg trajectory utility = -8003.306435149679
[INFO] TrainerAgent.onGameEnd: After 294 phase(s), avg trajectory utility = -6639.019957808995
[INFO] TrainerAgent.onGameEnd: After 295 phase(s), avg trajectory utility = -7236.801727739242
[INFO] TrainerAgent.onGameEnd: After 296 phase(s), avg trajectory utility = -10499.11276484951
[INFO] TrainerAgent.onGameEnd: After 297 phase(s), avg trajectory utility = -7091.644387779554
[INFO] TrainerAgent.onGameEnd: After 298 phase(s), avg trajectory utility = -4836.906620360312
[INFO] TrainerAgent.onGameEnd: After 299 phase(s), avg trajectory utility = -8861.625333759017
[INFO] TrainerAgent.onGameEnd: After 300 phase(s), avg trajectory utility = -8176.322506758347
[INFO] TrainerAgent.onGameEnd: After 301 phase(s), avg trajectory utility = -8017.266073117453
[INFO] TrainerAgent.onGameEnd: After 302 phase(s), avg trajectory utility = -3685.3057549479327
[INFO] TrainerAgent.onGameEnd: After 303 phase(s), avg trajectory utility = -11919.182407576642
[INFO] TrainerAgent.onGameEnd: After 304 phase(s), avg trajectory utility = -8950.466680230265
[INFO] TrainerAgent.onGameEnd: After 305 phase(s), avg trajectory utility = -4137.312617289057
[INFO] TrainerAgent.onGameEnd: After 306 phase(s), avg trajectory utility = -4425.454178414842
[INFO] TrainerAgent.onGameEnd: After 307 phase(s), avg trajectory utility = -9825.049328858779
[INFO] TrainerAgent.onGameEnd: After 308 phase(s), avg trajectory utility = -7854.8633117781355
[INFO] TrainerAgent.onGameEnd: After 309 phase(s), avg trajectory utility = -6664.404491398269
[INFO] TrainerAgent.onGameEnd: After 310 phase(s), avg trajectory utility = -9040.276356118642
[INFO] TrainerAgent.onGameEnd: After 311 phase(s), avg trajectory utility = -9181.86944103561
[INFO] TrainerAgent.onGameEnd: After 312 phase(s), avg trajectory utility = -10511.294500387265
[INFO] TrainerAgent.onGameEnd: After 313 phase(s), avg trajectory utility = -8262.640478579477
[INFO] TrainerAgent.onGameEnd: After 314 phase(s), avg trajectory utility = -8649.71588521739
[INFO] TrainerAgent.onGameEnd: After 315 phase(s), avg trajectory utility = -4357.728848383179
[INFO] TrainerAgent.onGameEnd: After 316 phase(s), avg trajectory utility = -2563.89985182217
[INFO] TrainerAgent.onGameEnd: After 317 phase(s), avg trajectory utility = -7451.0561979524455
[INFO] TrainerAgent.onGameEnd: After 318 phase(s), avg trajectory utility = -8166.8899864268815
[INFO] TrainerAgent.onGameEnd: After 319 phase(s), avg trajectory utility = -11548.940366514707
[INFO] TrainerAgent.onGameEnd: After 320 phase(s), avg trajectory utility = -10191.57575897115
[INFO] TrainerAgent.onGameEnd: After 321 phase(s), avg trajectory utility = -559.1821942416786
[INFO] TrainerAgent.onGameEnd: After 322 phase(s), avg trajectory utility = 48.81292089664361
[INFO] TrainerAgent.onGameEnd: After 323 phase(s), avg trajectory utility = -12544.385321721076
[INFO] TrainerAgent.onGameEnd: After 324 phase(s), avg trajectory utility = -2601.7743931883215
[INFO] TrainerAgent.onGameEnd: After 325 phase(s), avg trajectory utility = -5694.401199290844
[INFO] TrainerAgent.onGameEnd: After 326 phase(s), avg trajectory utility = -12010.441559380004
[INFO] TrainerAgent.onGameEnd: After 327 phase(s), avg trajectory utility = -5344.048839246209
[INFO] TrainerAgent.onGameEnd: After 328 phase(s), avg trajectory utility = -8243.060124725464
[INFO] TrainerAgent.onGameEnd: After 329 phase(s), avg trajectory utility = -7700.376679015721
[INFO] TrainerAgent.onGameEnd: After 330 phase(s), avg trajectory utility = -6735.77102739807
[INFO] TrainerAgent.onGameEnd: After 331 phase(s), avg trajectory utility = -5022.5709273795765
[INFO] TrainerAgent.onGameEnd: After 332 phase(s), avg trajectory utility = -3601.87911972959
[INFO] TrainerAgent.onGameEnd: After 333 phase(s), avg trajectory utility = -6004.047246306232
[INFO] TrainerAgent.onGameEnd: After 334 phase(s), avg trajectory utility = -3896.6903154782644
[INFO] TrainerAgent.onGameEnd: After 335 phase(s), avg trajectory utility = -6256.679724321605
[INFO] TrainerAgent.onGameEnd: After 336 phase(s), avg trajectory utility = -6154.917769748694
[INFO] TrainerAgent.onGameEnd: After 337 phase(s), avg trajectory utility = -3378.5696716480743
[INFO] TrainerAgent.onGameEnd: After 338 phase(s), avg trajectory utility = -303.6122308745593
[INFO] TrainerAgent.onGameEnd: After 339 phase(s), avg trajectory utility = -10247.138743680152
[INFO] TrainerAgent.onGameEnd: After 340 phase(s), avg trajectory utility = -8660.337428810752
[INFO] TrainerAgent.onGameEnd: After 341 phase(s), avg trajectory utility = -2931.937189695985
[INFO] TrainerAgent.onGameEnd: After 342 phase(s), avg trajectory utility = -6557.4195459446855
[INFO] TrainerAgent.onGameEnd: After 343 phase(s), avg trajectory utility = -4808.400677491747
[INFO] TrainerAgent.onGameEnd: After 344 phase(s), avg trajectory utility = -9171.401747696438
[INFO] TrainerAgent.onGameEnd: After 345 phase(s), avg trajectory utility = -4526.560381190181
[INFO] TrainerAgent.onGameEnd: After 346 phase(s), avg trajectory utility = -6299.503957104123
[INFO] TrainerAgent.onGameEnd: After 347 phase(s), avg trajectory utility = -7870.16782399462
[INFO] TrainerAgent.onGameEnd: After 348 phase(s), avg trajectory utility = -1352.003556590789
[INFO] TrainerAgent.onGameEnd: After 349 phase(s), avg trajectory utility = -6578.942859020491
[INFO] TrainerAgent.onGameEnd: After 350 phase(s), avg trajectory utility = -6618.566770392191
[INFO] TrainerAgent.onGameEnd: After 351 phase(s), avg trajectory utility = -8823.762919249632
[INFO] TrainerAgent.onGameEnd: After 352 phase(s), avg trajectory utility = -12050.782113300967
[INFO] TrainerAgent.onGameEnd: After 353 phase(s), avg trajectory utility = -9018.875283606116
[INFO] TrainerAgent.onGameEnd: After 354 phase(s), avg trajectory utility = -5544.010171955257
[INFO] TrainerAgent.onGameEnd: After 355 phase(s), avg trajectory utility = -8525.377724670137
[INFO] TrainerAgent.onGameEnd: After 356 phase(s), avg trajectory utility = -8938.688381482303
[INFO] TrainerAgent.onGameEnd: After 357 phase(s), avg trajectory utility = -6136.140536265165
[INFO] TrainerAgent.onGameEnd: After 358 phase(s), avg trajectory utility = -2242.74578694876
[INFO] TrainerAgent.onGameEnd: After 359 phase(s), avg trajectory utility = -10952.755909645093
[INFO] TrainerAgent.onGameEnd: After 360 phase(s), avg trajectory utility = -8079.817239657131
[INFO] TrainerAgent.onGameEnd: After 361 phase(s), avg trajectory utility = -9346.561311488545
[INFO] TrainerAgent.onGameEnd: After 362 phase(s), avg trajectory utility = -7702.220283063209
[INFO] TrainerAgent.onGameEnd: After 363 phase(s), avg trajectory utility = -3349.6393348624615
[INFO] TrainerAgent.onGameEnd: After 364 phase(s), avg trajectory utility = -2699.568123039862
[INFO] TrainerAgent.onGameEnd: After 365 phase(s), avg trajectory utility = -3186.120626361581
[INFO] TrainerAgent.onGameEnd: After 366 phase(s), avg trajectory utility = -8621.877278453107
[INFO] TrainerAgent.onGameEnd: After 367 phase(s), avg trajectory utility = -11140.264597577108
[INFO] TrainerAgent.onGameEnd: After 368 phase(s), avg trajectory utility = -7377.572476935865
[INFO] TrainerAgent.onGameEnd: After 369 phase(s), avg trajectory utility = -6942.768131117789
[INFO] TrainerAgent.onGameEnd: After 370 phase(s), avg trajectory utility = -8400.746569274717
[INFO] TrainerAgent.onGameEnd: After 371 phase(s), avg trajectory utility = -6395.228951259243
[INFO] TrainerAgent.onGameEnd: After 372 phase(s), avg trajectory utility = -6509.5718261632355
[INFO] TrainerAgent.onGameEnd: After 373 phase(s), avg trajectory utility = -5295.728645891956
[INFO] TrainerAgent.onGameEnd: After 374 phase(s), avg trajectory utility = -4994.567931075182
[INFO] TrainerAgent.onGameEnd: After 375 phase(s), avg trajectory utility = -9266.459966065084
[INFO] TrainerAgent.onGameEnd: After 376 phase(s), avg trajectory utility = -7031.803618036414
[INFO] TrainerAgent.onGameEnd: After 377 phase(s), avg trajectory utility = -7937.262089695939
[INFO] TrainerAgent.onGameEnd: After 378 phase(s), avg trajectory utility = -5983.651808335413
[INFO] TrainerAgent.onGameEnd: After 379 phase(s), avg trajectory utility = -9909.984129245811
[INFO] TrainerAgent.onGameEnd: After 380 phase(s), avg trajectory utility = -8774.178001173785
[INFO] TrainerAgent.onGameEnd: After 381 phase(s), avg trajectory utility = -9357.172365158316
[INFO] TrainerAgent.onGameEnd: After 382 phase(s), avg trajectory utility = -7229.873573003844
[INFO] TrainerAgent.onGameEnd: After 383 phase(s), avg trajectory utility = -539.4568083283673
[INFO] TrainerAgent.onGameEnd: After 384 phase(s), avg trajectory utility = -5150.02401288943
[INFO] TrainerAgent.onGameEnd: After 385 phase(s), avg trajectory utility = -3740.248059171389
[INFO] TrainerAgent.onGameEnd: After 386 phase(s), avg trajectory utility = -9567.10477334167
[INFO] TrainerAgent.onGameEnd: After 387 phase(s), avg trajectory utility = -4588.880280282759
[INFO] TrainerAgent.onGameEnd: After 388 phase(s), avg trajectory utility = -2178.3082260682727
[INFO] TrainerAgent.onGameEnd: After 389 phase(s), avg trajectory utility = -8110.970306810046
[INFO] TrainerAgent.onGameEnd: After 390 phase(s), avg trajectory utility = -11497.392246134887
[INFO] TrainerAgent.onGameEnd: After 391 phase(s), avg trajectory utility = -7772.251523371994
[INFO] TrainerAgent.onGameEnd: After 392 phase(s), avg trajectory utility = -12135.969399211319
[INFO] TrainerAgent.onGameEnd: After 393 phase(s), avg trajectory utility = -9545.226542679182
[INFO] TrainerAgent.onGameEnd: After 394 phase(s), avg trajectory utility = -5234.0364242295755
[INFO] TrainerAgent.onGameEnd: After 395 phase(s), avg trajectory utility = -4238.297616960979
[INFO] TrainerAgent.onGameEnd: After 396 phase(s), avg trajectory utility = -7908.02770070994
[INFO] TrainerAgent.onGameEnd: After 397 phase(s), avg trajectory utility = -7635.117487003733
[INFO] TrainerAgent.onGameEnd: After 398 phase(s), avg trajectory utility = -9345.03822226638
[INFO] TrainerAgent.onGameEnd: After 399 phase(s), avg trajectory utility = -4605.364002872511
[INFO] TrainerAgent.onGameEnd: After 400 phase(s), avg trajectory utility = -9158.094030048534
[INFO] TrainerAgent.onGameEnd: After 401 phase(s), avg trajectory utility = -8565.441023360989
[INFO] TrainerAgent.onGameEnd: After 402 phase(s), avg trajectory utility = -1553.657858967426
[INFO] TrainerAgent.onGameEnd: After 403 phase(s), avg trajectory utility = -10408.107193011976
[INFO] TrainerAgent.onGameEnd: After 404 phase(s), avg trajectory utility = -5497.584571926502
[INFO] TrainerAgent.onGameEnd: After 405 phase(s), avg trajectory utility = -5679.095624738456
[INFO] TrainerAgent.onGameEnd: After 406 phase(s), avg trajectory utility = -3925.150604219143
[INFO] TrainerAgent.onGameEnd: After 407 phase(s), avg trajectory utility = -8892.934032572864
[INFO] TrainerAgent.onGameEnd: After 408 phase(s), avg trajectory utility = -7056.467283502325
[INFO] TrainerAgent.onGameEnd: After 409 phase(s), avg trajectory utility = -4879.00497897233
[INFO] TrainerAgent.onGameEnd: After 410 phase(s), avg trajectory utility = -4258.3218939327335
[INFO] TrainerAgent.onGameEnd: After 411 phase(s), avg trajectory utility = -7056.573387017213
[INFO] TrainerAgent.onGameEnd: After 412 phase(s), avg trajectory utility = -1429.8370830638771
[INFO] TrainerAgent.onGameEnd: After 413 phase(s), avg trajectory utility = -6108.077237326713
[INFO] TrainerAgent.onGameEnd: After 414 phase(s), avg trajectory utility = -9473.655461154896
[INFO] TrainerAgent.onGameEnd: After 415 phase(s), avg trajectory utility = -7990.738852703071
[INFO] TrainerAgent.onGameEnd: After 416 phase(s), avg trajectory utility = 233.89589776640912
[INFO] TrainerAgent.onGameEnd: After 417 phase(s), avg trajectory utility = -6950.644307812571
[INFO] TrainerAgent.onGameEnd: After 418 phase(s), avg trajectory utility = -11339.410703193473
[INFO] TrainerAgent.onGameEnd: After 419 phase(s), avg trajectory utility = -5526.201728940999
[INFO] TrainerAgent.onGameEnd: After 420 phase(s), avg trajectory utility = -13174.631355326715
[INFO] TrainerAgent.onGameEnd: After 421 phase(s), avg trajectory utility = -7197.305136002246
[INFO] TrainerAgent.onGameEnd: After 422 phase(s), avg trajectory utility = -5139.820419832376
[INFO] TrainerAgent.onGameEnd: After 423 phase(s), avg trajectory utility = -9522.161066742208
[INFO] TrainerAgent.onGameEnd: After 424 phase(s), avg trajectory utility = -6118.435753495009
[INFO] TrainerAgent.onGameEnd: After 425 phase(s), avg trajectory utility = -6728.980418014006
[INFO] TrainerAgent.onGameEnd: After 426 phase(s), avg trajectory utility = -6367.698013305912
[INFO] TrainerAgent.onGameEnd: After 427 phase(s), avg trajectory utility = -8560.64908689318
[INFO] TrainerAgent.onGameEnd: After 428 phase(s), avg trajectory utility = -8678.321422680168
[INFO] TrainerAgent.onGameEnd: After 429 phase(s), avg trajectory utility = -8904.267740652806
[INFO] TrainerAgent.onGameEnd: After 430 phase(s), avg trajectory utility = -9969.380758622416
[INFO] TrainerAgent.onGameEnd: After 431 phase(s), avg trajectory utility = -5736.959642927789
[INFO] TrainerAgent.onGameEnd: After 432 phase(s), avg trajectory utility = -6931.820755871266
[INFO] TrainerAgent.onGameEnd: After 433 phase(s), avg trajectory utility = -6001.245139687115
[INFO] TrainerAgent.onGameEnd: After 434 phase(s), avg trajectory utility = -5072.191825082893
[INFO] TrainerAgent.onGameEnd: After 435 phase(s), avg trajectory utility = -6717.432479144992
[INFO] TrainerAgent.onGameEnd: After 436 phase(s), avg trajectory utility = -5992.67577938624
[INFO] TrainerAgent.onGameEnd: After 437 phase(s), avg trajectory utility = -6836.714503842174
[INFO] TrainerAgent.onGameEnd: After 438 phase(s), avg trajectory utility = -9891.251258235277
[INFO] TrainerAgent.onGameEnd: After 439 phase(s), avg trajectory utility = -10768.84163049398
[INFO] TrainerAgent.onGameEnd: After 440 phase(s), avg trajectory utility = -11624.299404006604
[INFO] TrainerAgent.onGameEnd: After 441 phase(s), avg trajectory utility = -6054.326285809614
[INFO] TrainerAgent.onGameEnd: After 442 phase(s), avg trajectory utility = -7947.232940760256
[INFO] TrainerAgent.onGameEnd: After 443 phase(s), avg trajectory utility = -2242.8652798473604
[INFO] TrainerAgent.onGameEnd: After 444 phase(s), avg trajectory utility = -7849.5761091684235
[INFO] TrainerAgent.onGameEnd: After 445 phase(s), avg trajectory utility = -2979.9169393263287
[INFO] TrainerAgent.onGameEnd: After 446 phase(s), avg trajectory utility = -5129.3595437857675
[INFO] TrainerAgent.onGameEnd: After 447 phase(s), avg trajectory utility = -12162.739458753991
[INFO] TrainerAgent.onGameEnd: After 448 phase(s), avg trajectory utility = -5567.415981247971
[INFO] TrainerAgent.onGameEnd: After 449 phase(s), avg trajectory utility = -7281.3688517952805
[INFO] TrainerAgent.onGameEnd: After 450 phase(s), avg trajectory utility = -5128.243480705167
[INFO] TrainerAgent.onGameEnd: After 451 phase(s), avg trajectory utility = -8952.750646562188
[INFO] TrainerAgent.onGameEnd: After 452 phase(s), avg trajectory utility = -9082.655529708549
[INFO] TrainerAgent.onGameEnd: After 453 phase(s), avg trajectory utility = -7824.717788977345
[INFO] TrainerAgent.onGameEnd: After 454 phase(s), avg trajectory utility = -5338.356819767703
[INFO] TrainerAgent.onGameEnd: After 455 phase(s), avg trajectory utility = -9547.299833659648
[INFO] TrainerAgent.onGameEnd: After 456 phase(s), avg trajectory utility = -7804.226585976558
[INFO] TrainerAgent.onGameEnd: After 457 phase(s), avg trajectory utility = -8485.95658164397
[INFO] TrainerAgent.onGameEnd: After 458 phase(s), avg trajectory utility = -5544.106372348744
[INFO] TrainerAgent.onGameEnd: After 459 phase(s), avg trajectory utility = -7687.549731183848
[INFO] TrainerAgent.onGameEnd: After 460 phase(s), avg trajectory utility = -6782.293341131876
[INFO] TrainerAgent.onGameEnd: After 461 phase(s), avg trajectory utility = -7212.474249724302
[INFO] TrainerAgent.onGameEnd: After 462 phase(s), avg trajectory utility = -10108.275359826846
[INFO] TrainerAgent.onGameEnd: After 463 phase(s), avg trajectory utility = -9877.724647290555
[INFO] TrainerAgent.onGameEnd: After 464 phase(s), avg trajectory utility = -6907.74118547662
[INFO] TrainerAgent.onGameEnd: After 465 phase(s), avg trajectory utility = -6304.873178634116
[INFO] TrainerAgent.onGameEnd: After 466 phase(s), avg trajectory utility = -10430.649098978449
[INFO] TrainerAgent.onGameEnd: After 467 phase(s), avg trajectory utility = -5306.255468663302
[INFO] TrainerAgent.onGameEnd: After 468 phase(s), avg trajectory utility = -7552.358118080714
[INFO] TrainerAgent.onGameEnd: After 469 phase(s), avg trajectory utility = -4430.7532889870945
[INFO] TrainerAgent.onGameEnd: After 470 phase(s), avg trajectory utility = -9104.744463429675
[INFO] TrainerAgent.onGameEnd: After 471 phase(s), avg trajectory utility = -8508.043605824038
[INFO] TrainerAgent.onGameEnd: After 472 phase(s), avg trajectory utility = -10220.254807869202
[INFO] TrainerAgent.onGameEnd: After 473 phase(s), avg trajectory utility = -9213.76157014103
[INFO] TrainerAgent.onGameEnd: After 474 phase(s), avg trajectory utility = -6256.00125160775
[INFO] TrainerAgent.onGameEnd: After 475 phase(s), avg trajectory utility = -7795.896168467647
[INFO] TrainerAgent.onGameEnd: After 476 phase(s), avg trajectory utility = -6569.446424895191
[INFO] TrainerAgent.onGameEnd: After 477 phase(s), avg trajectory utility = -10133.06689630092
[INFO] TrainerAgent.onGameEnd: After 478 phase(s), avg trajectory utility = -4180.477675932168
[INFO] TrainerAgent.onGameEnd: After 479 phase(s), avg trajectory utility = -3097.374917716751
[INFO] TrainerAgent.onGameEnd: After 480 phase(s), avg trajectory utility = -10587.639225131757
[INFO] TrainerAgent.onGameEnd: After 481 phase(s), avg trajectory utility = -13249.53108013118
[INFO] TrainerAgent.onGameEnd: After 482 phase(s), avg trajectory utility = -6259.85862302074
[INFO] TrainerAgent.onGameEnd: After 483 phase(s), avg trajectory utility = -5501.229268560905
[INFO] TrainerAgent.onGameEnd: After 484 phase(s), avg trajectory utility = -4669.428928202486
[INFO] TrainerAgent.onGameEnd: After 485 phase(s), avg trajectory utility = -4400.475126866705
[INFO] TrainerAgent.onGameEnd: After 486 phase(s), avg trajectory utility = -10005.173417250919
[INFO] TrainerAgent.onGameEnd: After 487 phase(s), avg trajectory utility = -5540.1175371467125
[INFO] TrainerAgent.onGameEnd: After 488 phase(s), avg trajectory utility = -8775.239452636572
[INFO] TrainerAgent.onGameEnd: After 489 phase(s), avg trajectory utility = -6058.848205631944
[INFO] TrainerAgent.onGameEnd: After 490 phase(s), avg trajectory utility = -11587.408352435508
[INFO] TrainerAgent.onGameEnd: After 491 phase(s), avg trajectory utility = -4533.03814964033
[INFO] TrainerAgent.onGameEnd: After 492 phase(s), avg trajectory utility = -6634.053556491707
[INFO] TrainerAgent.onGameEnd: After 493 phase(s), avg trajectory utility = -8851.61623317605
[INFO] TrainerAgent.onGameEnd: After 494 phase(s), avg trajectory utility = -4426.507088297968
[INFO] TrainerAgent.onGameEnd: After 495 phase(s), avg trajectory utility = -7658.027337825239
[INFO] TrainerAgent.onGameEnd: After 496 phase(s), avg trajectory utility = -6485.9823806247605
[INFO] TrainerAgent.onGameEnd: After 497 phase(s), avg trajectory utility = -9936.532313396863
[INFO] TrainerAgent.onGameEnd: After 498 phase(s), avg trajectory utility = -6263.342707917171
[INFO] TrainerAgent.onGameEnd: After 499 phase(s), avg trajectory utility = -7262.7958466593445
[INFO] TrainerAgent.onGameEnd: After 500 phase(s), avg trajectory utility = -9760.379289919205
[INFO] TrainerAgent.onGameEnd: After 501 phase(s), avg trajectory utility = -8716.388775443229
[INFO] TrainerAgent.onGameEnd: After 502 phase(s), avg trajectory utility = -4544.196741487757
[INFO] TrainerAgent.onGameEnd: After 503 phase(s), avg trajectory utility = -5496.970147656726
[INFO] TrainerAgent.onGameEnd: After 504 phase(s), avg trajectory utility = -11481.199806646779
[INFO] TrainerAgent.onGameEnd: After 505 phase(s), avg trajectory utility = -4690.655905281516
[INFO] TrainerAgent.onGameEnd: After 506 phase(s), avg trajectory utility = -8825.464331428859
[INFO] TrainerAgent.onGameEnd: After 507 phase(s), avg trajectory utility = -6391.932416443942
[INFO] TrainerAgent.onGameEnd: After 508 phase(s), avg trajectory utility = -9998.580555558903
[INFO] TrainerAgent.onGameEnd: After 509 phase(s), avg trajectory utility = -4802.24272975673
[INFO] TrainerAgent.onGameEnd: After 510 phase(s), avg trajectory utility = -7959.453496647696
[INFO] TrainerAgent.onGameEnd: After 511 phase(s), avg trajectory utility = -5517.34221952137
[INFO] TrainerAgent.onGameEnd: After 512 phase(s), avg trajectory utility = -9595.382555147076
[INFO] TrainerAgent.onGameEnd: After 513 phase(s), avg trajectory utility = -11172.050938446626
[INFO] TrainerAgent.onGameEnd: After 514 phase(s), avg trajectory utility = -7931.049363335852
[INFO] TrainerAgent.onGameEnd: After 515 phase(s), avg trajectory utility = -5093.353520941382
[INFO] TrainerAgent.onGameEnd: After 516 phase(s), avg trajectory utility = -5171.727242839075
[INFO] TrainerAgent.onGameEnd: After 517 phase(s), avg trajectory utility = -6028.1917947405445
[INFO] TrainerAgent.onGameEnd: After 518 phase(s), avg trajectory utility = -4149.193434599221
[INFO] TrainerAgent.onGameEnd: After 519 phase(s), avg trajectory utility = -8140.315653021007
[INFO] TrainerAgent.onGameEnd: After 520 phase(s), avg trajectory utility = -5965.094038933614
[INFO] TrainerAgent.onGameEnd: After 521 phase(s), avg trajectory utility = -8915.394638578837
[INFO] TrainerAgent.onGameEnd: After 522 phase(s), avg trajectory utility = -11298.90451290795
[INFO] TrainerAgent.onGameEnd: After 523 phase(s), avg trajectory utility = -3491.533750657845
[INFO] TrainerAgent.onGameEnd: After 524 phase(s), avg trajectory utility = -7520.151918090273
[INFO] TrainerAgent.onGameEnd: After 525 phase(s), avg trajectory utility = -5329.29919977652
[INFO] TrainerAgent.onGameEnd: After 526 phase(s), avg trajectory utility = -5394.57294716701
[INFO] TrainerAgent.onGameEnd: After 527 phase(s), avg trajectory utility = -5575.929790687981
[INFO] TrainerAgent.onGameEnd: After 528 phase(s), avg trajectory utility = -11041.348885481257
[INFO] TrainerAgent.onGameEnd: After 529 phase(s), avg trajectory utility = -2616.9393154505924
[INFO] TrainerAgent.onGameEnd: After 530 phase(s), avg trajectory utility = -10367.442401261682
[INFO] TrainerAgent.onGameEnd: After 531 phase(s), avg trajectory utility = -6434.811786701889
[INFO] TrainerAgent.onGameEnd: After 532 phase(s), avg trajectory utility = -6285.140127720906
[INFO] TrainerAgent.onGameEnd: After 533 phase(s), avg trajectory utility = -5844.9637598374275
[INFO] TrainerAgent.onGameEnd: After 534 phase(s), avg trajectory utility = -6779.723591609679
[INFO] TrainerAgent.onGameEnd: After 535 phase(s), avg trajectory utility = -3226.742564635334
[INFO] TrainerAgent.onGameEnd: After 536 phase(s), avg trajectory utility = -3167.3974492090156
[INFO] TrainerAgent.onGameEnd: After 537 phase(s), avg trajectory utility = -10447.297133297507
[INFO] TrainerAgent.onGameEnd: After 538 phase(s), avg trajectory utility = -6458.8252664812035
[INFO] TrainerAgent.onGameEnd: After 539 phase(s), avg trajectory utility = -5400.375247016467
[INFO] TrainerAgent.onGameEnd: After 540 phase(s), avg trajectory utility = -6334.091770935142
[INFO] TrainerAgent.onGameEnd: After 541 phase(s), avg trajectory utility = -4878.050956008162
[INFO] TrainerAgent.onGameEnd: After 542 phase(s), avg trajectory utility = -7849.681833697777
[INFO] TrainerAgent.onGameEnd: After 543 phase(s), avg trajectory utility = -7519.693964664547
[INFO] TrainerAgent.onGameEnd: After 544 phase(s), avg trajectory utility = -12038.631584569994
[INFO] TrainerAgent.onGameEnd: After 545 phase(s), avg trajectory utility = -7439.157324783151
[INFO] TrainerAgent.onGameEnd: After 546 phase(s), avg trajectory utility = -9335.816682812449
[INFO] TrainerAgent.onGameEnd: After 547 phase(s), avg trajectory utility = -7982.173374180819
[INFO] TrainerAgent.onGameEnd: After 548 phase(s), avg trajectory utility = -7718.843235211745
[INFO] TrainerAgent.onGameEnd: After 549 phase(s), avg trajectory utility = -7528.6702449404565
[INFO] TrainerAgent.onGameEnd: After 550 phase(s), avg trajectory utility = -8101.074378172018
[INFO] TrainerAgent.onGameEnd: After 551 phase(s), avg trajectory utility = -5069.670781434238
[INFO] TrainerAgent.onGameEnd: After 552 phase(s), avg trajectory utility = -7732.685277866687
[INFO] TrainerAgent.onGameEnd: After 553 phase(s), avg trajectory utility = -2546.173892091973
[INFO] TrainerAgent.onGameEnd: After 554 phase(s), avg trajectory utility = -7534.370856249898
[INFO] TrainerAgent.onGameEnd: After 555 phase(s), avg trajectory utility = -11725.581021871316
[INFO] TrainerAgent.onGameEnd: After 556 phase(s), avg trajectory utility = -6204.929642128615
[INFO] TrainerAgent.onGameEnd: After 557 phase(s), avg trajectory utility = -5493.943293051648
[INFO] TrainerAgent.onGameEnd: After 558 phase(s), avg trajectory utility = -7377.188089718314
[INFO] TrainerAgent.onGameEnd: After 559 phase(s), avg trajectory utility = -4605.521051265929
[INFO] TrainerAgent.onGameEnd: After 560 phase(s), avg trajectory utility = -2804.836581815345
[INFO] TrainerAgent.onGameEnd: After 561 phase(s), avg trajectory utility = -7176.909180750942
[INFO] TrainerAgent.onGameEnd: After 562 phase(s), avg trajectory utility = -9899.143054047994
[INFO] TrainerAgent.onGameEnd: After 563 phase(s), avg trajectory utility = -12596.34046111278
[INFO] TrainerAgent.onGameEnd: After 564 phase(s), avg trajectory utility = -5130.164818551398
[INFO] TrainerAgent.onGameEnd: After 565 phase(s), avg trajectory utility = -9288.167033367441
[INFO] TrainerAgent.onGameEnd: After 566 phase(s), avg trajectory utility = -10015.373325190043
[INFO] TrainerAgent.onGameEnd: After 567 phase(s), avg trajectory utility = -5111.444095018935
[INFO] TrainerAgent.onGameEnd: After 568 phase(s), avg trajectory utility = -10586.493568064268
[INFO] TrainerAgent.onGameEnd: After 569 phase(s), avg trajectory utility = -6550.437006091848
[INFO] TrainerAgent.onGameEnd: After 570 phase(s), avg trajectory utility = -9327.300870180552
[INFO] TrainerAgent.onGameEnd: After 571 phase(s), avg trajectory utility = -7577.138312462064
[INFO] TrainerAgent.onGameEnd: After 572 phase(s), avg trajectory utility = -1957.0460259949805
[INFO] TrainerAgent.onGameEnd: After 573 phase(s), avg trajectory utility = -13093.396318684645
[INFO] TrainerAgent.onGameEnd: After 574 phase(s), avg trajectory utility = -2867.648200942684
[INFO] TrainerAgent.onGameEnd: After 575 phase(s), avg trajectory utility = -3196.569148545078
[INFO] TrainerAgent.onGameEnd: After 576 phase(s), avg trajectory utility = -4996.0065868833035
[INFO] TrainerAgent.onGameEnd: After 577 phase(s), avg trajectory utility = -5406.354977608928
[INFO] TrainerAgent.onGameEnd: After 578 phase(s), avg trajectory utility = -8297.135414194978
[INFO] TrainerAgent.onGameEnd: After 579 phase(s), avg trajectory utility = -6465.390778769266
[INFO] TrainerAgent.onGameEnd: After 580 phase(s), avg trajectory utility = -6410.258510339702
[INFO] TrainerAgent.onGameEnd: After 581 phase(s), avg trajectory utility = -10156.629687169121
[INFO] TrainerAgent.onGameEnd: After 582 phase(s), avg trajectory utility = -10219.05386955183
[INFO] TrainerAgent.onGameEnd: After 583 phase(s), avg trajectory utility = -4868.941967770804
[INFO] TrainerAgent.onGameEnd: After 584 phase(s), avg trajectory utility = -8963.08313237349
[INFO] TrainerAgent.onGameEnd: After 585 phase(s), avg trajectory utility = -9291.741241346077
[INFO] TrainerAgent.onGameEnd: After 586 phase(s), avg trajectory utility = -7841.804658052375
[INFO] TrainerAgent.onGameEnd: After 587 phase(s), avg trajectory utility = -9467.126115253308
[INFO] TrainerAgent.onGameEnd: After 588 phase(s), avg trajectory utility = -1627.0098707557804
[INFO] TrainerAgent.onGameEnd: After 589 phase(s), avg trajectory utility = -8820.764772517447
[INFO] TrainerAgent.onGameEnd: After 590 phase(s), avg trajectory utility = -9238.6682154614
[INFO] TrainerAgent.onGameEnd: After 591 phase(s), avg trajectory utility = -9964.260496475004
[INFO] TrainerAgent.onGameEnd: After 592 phase(s), avg trajectory utility = -1417.1780704519922
[INFO] TrainerAgent.onGameEnd: After 593 phase(s), avg trajectory utility = -9343.922291592215
[INFO] TrainerAgent.onGameEnd: After 594 phase(s), avg trajectory utility = -9232.704186711688
[INFO] TrainerAgent.onGameEnd: After 595 phase(s), avg trajectory utility = -10737.233666209448
[INFO] TrainerAgent.onGameEnd: After 596 phase(s), avg trajectory utility = -9467.456759193827
[INFO] TrainerAgent.onGameEnd: After 597 phase(s), avg trajectory utility = -5381.585866114104
[INFO] TrainerAgent.onGameEnd: After 598 phase(s), avg trajectory utility = -11501.569485340395
[INFO] TrainerAgent.onGameEnd: After 599 phase(s), avg trajectory utility = -8625.262880849572
[INFO] TrainerAgent.onGameEnd: After 600 phase(s), avg trajectory utility = -10010.305072753257
[INFO] TrainerAgent.onGameEnd: After 601 phase(s), avg trajectory utility = -10416.49626186758
[INFO] TrainerAgent.onGameEnd: After 602 phase(s), avg trajectory utility = -10082.962599502967
[INFO] TrainerAgent.onGameEnd: After 603 phase(s), avg trajectory utility = -8221.42724630871
[INFO] TrainerAgent.onGameEnd: After 604 phase(s), avg trajectory utility = -8485.061390598883
[INFO] TrainerAgent.onGameEnd: After 605 phase(s), avg trajectory utility = -9478.894050391435
[INFO] TrainerAgent.onGameEnd: After 606 phase(s), avg trajectory utility = -9873.777919920167
[INFO] TrainerAgent.onGameEnd: After 607 phase(s), avg trajectory utility = -11892.298104156554
[INFO] TrainerAgent.onGameEnd: After 608 phase(s), avg trajectory utility = -8144.690261114465
[INFO] TrainerAgent.onGameEnd: After 609 phase(s), avg trajectory utility = -5209.665815981362
[INFO] TrainerAgent.onGameEnd: After 610 phase(s), avg trajectory utility = -11194.088523330456
[INFO] TrainerAgent.onGameEnd: After 611 phase(s), avg trajectory utility = -3661.6661966269644
[INFO] TrainerAgent.onGameEnd: After 612 phase(s), avg trajectory utility = -12903.835166506295
[INFO] TrainerAgent.onGameEnd: After 613 phase(s), avg trajectory utility = -10311.564289527596
[INFO] TrainerAgent.onGameEnd: After 614 phase(s), avg trajectory utility = -11177.488677299076
[INFO] TrainerAgent.onGameEnd: After 615 phase(s), avg trajectory utility = -7117.7042857247025
[INFO] TrainerAgent.onGameEnd: After 616 phase(s), avg trajectory utility = -7593.669887533963
[INFO] TrainerAgent.onGameEnd: After 617 phase(s), avg trajectory utility = -8020.481324703546
[INFO] TrainerAgent.onGameEnd: After 618 phase(s), avg trajectory utility = -10329.114532397558
[INFO] TrainerAgent.onGameEnd: After 619 phase(s), avg trajectory utility = -7348.100056373158
[INFO] TrainerAgent.onGameEnd: After 620 phase(s), avg trajectory utility = -4705.287962120053
[INFO] TrainerAgent.onGameEnd: After 621 phase(s), avg trajectory utility = -11739.088517505952
[INFO] TrainerAgent.onGameEnd: After 622 phase(s), avg trajectory utility = -8741.265712307966
[INFO] TrainerAgent.onGameEnd: After 623 phase(s), avg trajectory utility = -7873.6278784432425
[INFO] TrainerAgent.onGameEnd: After 624 phase(s), avg trajectory utility = -11481.08371956375
[INFO] TrainerAgent.onGameEnd: After 625 phase(s), avg trajectory utility = -3694.5152761264912
[INFO] TrainerAgent.onGameEnd: After 626 phase(s), avg trajectory utility = -8241.653973615961
[INFO] TrainerAgent.onGameEnd: After 627 phase(s), avg trajectory utility = -7986.7848689519815
[INFO] TrainerAgent.onGameEnd: After 628 phase(s), avg trajectory utility = -13542.951531393128
[INFO] TrainerAgent.onGameEnd: After 629 phase(s), avg trajectory utility = -233.27968084579578
[INFO] TrainerAgent.onGameEnd: After 630 phase(s), avg trajectory utility = -6708.973745002069
[INFO] TrainerAgent.onGameEnd: After 631 phase(s), avg trajectory utility = -4870.833044410261
[INFO] TrainerAgent.onGameEnd: After 632 phase(s), avg trajectory utility = -6718.659361259621
[INFO] TrainerAgent.onGameEnd: After 633 phase(s), avg trajectory utility = -11848.743036424723
[INFO] TrainerAgent.onGameEnd: After 634 phase(s), avg trajectory utility = -5922.784732090201
[INFO] TrainerAgent.onGameEnd: After 635 phase(s), avg trajectory utility = -12172.263056437005
[INFO] TrainerAgent.onGameEnd: After 636 phase(s), avg trajectory utility = -5678.241292250334
[INFO] TrainerAgent.onGameEnd: After 637 phase(s), avg trajectory utility = -3227.2162744360353
[INFO] TrainerAgent.onGameEnd: After 638 phase(s), avg trajectory utility = -7804.383600075542
[INFO] TrainerAgent.onGameEnd: After 639 phase(s), avg trajectory utility = -8516.24200294273
[INFO] TrainerAgent.onGameEnd: After 640 phase(s), avg trajectory utility = -7249.213638951457
[INFO] TrainerAgent.onGameEnd: After 641 phase(s), avg trajectory utility = -6679.825586507041
[INFO] TrainerAgent.onGameEnd: After 642 phase(s), avg trajectory utility = -9379.457229812733
[INFO] TrainerAgent.onGameEnd: After 643 phase(s), avg trajectory utility = -3651.317040794608
[INFO] TrainerAgent.onGameEnd: After 644 phase(s), avg trajectory utility = -8843.39283771015
[INFO] TrainerAgent.onGameEnd: After 645 phase(s), avg trajectory utility = -5523.564514970453
[INFO] TrainerAgent.onGameEnd: After 646 phase(s), avg trajectory utility = -9935.681274323237
[INFO] TrainerAgent.onGameEnd: After 647 phase(s), avg trajectory utility = -12547.899151621434
[INFO] TrainerAgent.onGameEnd: After 648 phase(s), avg trajectory utility = -13164.155112401915
[INFO] TrainerAgent.onGameEnd: After 649 phase(s), avg trajectory utility = -7525.326634763756
[INFO] TrainerAgent.onGameEnd: After 650 phase(s), avg trajectory utility = -5703.949753748818
[INFO] TrainerAgent.onGameEnd: After 651 phase(s), avg trajectory utility = -7245.47882426415
[INFO] TrainerAgent.onGameEnd: After 652 phase(s), avg trajectory utility = -7287.387222287393
[INFO] TrainerAgent.onGameEnd: After 653 phase(s), avg trajectory utility = -8880.929091283022
[INFO] TrainerAgent.onGameEnd: After 654 phase(s), avg trajectory utility = -8527.755441332189
[INFO] TrainerAgent.onGameEnd: After 655 phase(s), avg trajectory utility = -7156.413322456169
[INFO] TrainerAgent.onGameEnd: After 656 phase(s), avg trajectory utility = -6845.86186957833
[INFO] TrainerAgent.onGameEnd: After 657 phase(s), avg trajectory utility = -7563.8462761696965
[INFO] TrainerAgent.onGameEnd: After 658 phase(s), avg trajectory utility = -11963.18625892884
[INFO] TrainerAgent.onGameEnd: After 659 phase(s), avg trajectory utility = -5468.8598953850915
[INFO] TrainerAgent.onGameEnd: After 660 phase(s), avg trajectory utility = -7972.836414913767
[INFO] TrainerAgent.onGameEnd: After 661 phase(s), avg trajectory utility = -6911.323675710484
[INFO] TrainerAgent.onGameEnd: After 662 phase(s), avg trajectory utility = -4793.587334993018
[INFO] TrainerAgent.onGameEnd: After 663 phase(s), avg trajectory utility = -5535.491492663245
[INFO] TrainerAgent.onGameEnd: After 664 phase(s), avg trajectory utility = -7375.141388132552
[INFO] TrainerAgent.onGameEnd: After 665 phase(s), avg trajectory utility = -10536.687364314535
[INFO] TrainerAgent.onGameEnd: After 666 phase(s), avg trajectory utility = -8988.88100214405
[INFO] TrainerAgent.onGameEnd: After 667 phase(s), avg trajectory utility = -6864.222556965733
[INFO] TrainerAgent.onGameEnd: After 668 phase(s), avg trajectory utility = -8020.566041303591
[INFO] TrainerAgent.onGameEnd: After 669 phase(s), avg trajectory utility = -12827.032139130191
[INFO] TrainerAgent.onGameEnd: After 670 phase(s), avg trajectory utility = -5899.811665032734
[INFO] TrainerAgent.onGameEnd: After 671 phase(s), avg trajectory utility = -6277.475819960695
[INFO] TrainerAgent.onGameEnd: After 672 phase(s), avg trajectory utility = -3964.862754857184
[INFO] TrainerAgent.onGameEnd: After 673 phase(s), avg trajectory utility = -5717.83548143693
[INFO] TrainerAgent.onGameEnd: After 674 phase(s), avg trajectory utility = -5931.56222835056
[INFO] TrainerAgent.onGameEnd: After 675 phase(s), avg trajectory utility = -9140.491682283842
[INFO] TrainerAgent.onGameEnd: After 676 phase(s), avg trajectory utility = -6714.493322463034
[INFO] TrainerAgent.onGameEnd: After 677 phase(s), avg trajectory utility = -8283.880997878976
[INFO] TrainerAgent.onGameEnd: After 678 phase(s), avg trajectory utility = -6711.697979612088
[INFO] TrainerAgent.onGameEnd: After 679 phase(s), avg trajectory utility = -6512.730098375954
[INFO] TrainerAgent.onGameEnd: After 680 phase(s), avg trajectory utility = -15099.556528288527
[INFO] TrainerAgent.onGameEnd: After 681 phase(s), avg trajectory utility = -7464.475819902354
[INFO] TrainerAgent.onGameEnd: After 682 phase(s), avg trajectory utility = -3764.160561876677
[INFO] TrainerAgent.onGameEnd: After 683 phase(s), avg trajectory utility = -3349.5616732979934
[INFO] TrainerAgent.onGameEnd: After 684 phase(s), avg trajectory utility = -8339.024824121587
[INFO] TrainerAgent.onGameEnd: After 685 phase(s), avg trajectory utility = -8652.999883213997
[INFO] TrainerAgent.onGameEnd: After 686 phase(s), avg trajectory utility = -11054.326137429412
[INFO] TrainerAgent.onGameEnd: After 687 phase(s), avg trajectory utility = -5793.802556755651
[INFO] TrainerAgent.onGameEnd: After 688 phase(s), avg trajectory utility = -5823.562343147042
[INFO] TrainerAgent.onGameEnd: After 689 phase(s), avg trajectory utility = -6624.905058805884
[INFO] TrainerAgent.onGameEnd: After 690 phase(s), avg trajectory utility = -8048.9720986541315
[INFO] TrainerAgent.onGameEnd: After 691 phase(s), avg trajectory utility = -8669.76066286067
[INFO] TrainerAgent.onGameEnd: After 692 phase(s), avg trajectory utility = -7505.36518241268
[INFO] TrainerAgent.onGameEnd: After 693 phase(s), avg trajectory utility = -10898.017992591902
[INFO] TrainerAgent.onGameEnd: After 694 phase(s), avg trajectory utility = -7422.641058702705
[INFO] TrainerAgent.onGameEnd: After 695 phase(s), avg trajectory utility = -8590.960957117144
[INFO] TrainerAgent.onGameEnd: After 696 phase(s), avg trajectory utility = -7358.675496810431
[INFO] TrainerAgent.onGameEnd: After 697 phase(s), avg trajectory utility = -9491.044029603108
[INFO] TrainerAgent.onGameEnd: After 698 phase(s), avg trajectory utility = -2307.358875935112
[INFO] TrainerAgent.onGameEnd: After 699 phase(s), avg trajectory utility = -9967.880511381516
[INFO] TrainerAgent.onGameEnd: After 700 phase(s), avg trajectory utility = -4296.98653739658
[INFO] TrainerAgent.onGameEnd: After 701 phase(s), avg trajectory utility = -6856.417328730492
[INFO] TrainerAgent.onGameEnd: After 702 phase(s), avg trajectory utility = -6568.398097834416
[INFO] TrainerAgent.onGameEnd: After 703 phase(s), avg trajectory utility = -9069.222212948496
[INFO] TrainerAgent.onGameEnd: After 704 phase(s), avg trajectory utility = -7985.004565205626
[INFO] TrainerAgent.onGameEnd: After 705 phase(s), avg trajectory utility = -9235.058473618297
[INFO] TrainerAgent.onGameEnd: After 706 phase(s), avg trajectory utility = -14259.168071859825
[INFO] TrainerAgent.onGameEnd: After 707 phase(s), avg trajectory utility = -9072.314449440712
[INFO] TrainerAgent.onGameEnd: After 708 phase(s), avg trajectory utility = -6846.703687863099
[INFO] TrainerAgent.onGameEnd: After 709 phase(s), avg trajectory utility = -5748.063550475391
[INFO] TrainerAgent.onGameEnd: After 710 phase(s), avg trajectory utility = -8959.619627779839
[INFO] TrainerAgent.onGameEnd: After 711 phase(s), avg trajectory utility = -5955.022106694248
[INFO] TrainerAgent.onGameEnd: After 712 phase(s), avg trajectory utility = -6568.643822332714
[INFO] TrainerAgent.onGameEnd: After 713 phase(s), avg trajectory utility = -8123.311457734335
[INFO] TrainerAgent.onGameEnd: After 714 phase(s), avg trajectory utility = -8262.249830939243
[INFO] TrainerAgent.onGameEnd: After 715 phase(s), avg trajectory utility = -7427.402047644969
[INFO] TrainerAgent.onGameEnd: After 716 phase(s), avg trajectory utility = -2144.747628439005
[INFO] TrainerAgent.onGameEnd: After 717 phase(s), avg trajectory utility = -3334.00015834448
[INFO] TrainerAgent.onGameEnd: After 718 phase(s), avg trajectory utility = -11635.311494688245
[INFO] TrainerAgent.onGameEnd: After 719 phase(s), avg trajectory utility = -12849.140149264585
[INFO] TrainerAgent.onGameEnd: After 720 phase(s), avg trajectory utility = -10831.52073926086
[INFO] TrainerAgent.onGameEnd: After 721 phase(s), avg trajectory utility = -10579.941612754266
[INFO] TrainerAgent.onGameEnd: After 722 phase(s), avg trajectory utility = -7975.21564940922
[INFO] TrainerAgent.onGameEnd: After 723 phase(s), avg trajectory utility = -2775.232545042862
[INFO] TrainerAgent.onGameEnd: After 724 phase(s), avg trajectory utility = -8571.25749113469
[INFO] TrainerAgent.onGameEnd: After 725 phase(s), avg trajectory utility = -11582.033007162832
[INFO] TrainerAgent.onGameEnd: After 726 phase(s), avg trajectory utility = -7416.16430707732
[INFO] TrainerAgent.onGameEnd: After 727 phase(s), avg trajectory utility = -9756.898378452388
[INFO] TrainerAgent.onGameEnd: After 728 phase(s), avg trajectory utility = -6808.471638074827
[INFO] TrainerAgent.onGameEnd: After 729 phase(s), avg trajectory utility = -2462.402800024925
[INFO] TrainerAgent.onGameEnd: After 730 phase(s), avg trajectory utility = -1925.5263991104327
[INFO] TrainerAgent.onGameEnd: After 731 phase(s), avg trajectory utility = -5272.330898091232
[INFO] TrainerAgent.onGameEnd: After 732 phase(s), avg trajectory utility = -8194.257270876591
[INFO] TrainerAgent.onGameEnd: After 733 phase(s), avg trajectory utility = -5948.0856216997945
[INFO] TrainerAgent.onGameEnd: After 734 phase(s), avg trajectory utility = -8407.023965269871
[INFO] TrainerAgent.onGameEnd: After 735 phase(s), avg trajectory utility = -5850.995863314555
[INFO] TrainerAgent.onGameEnd: After 736 phase(s), avg trajectory utility = -9555.866675581208
[INFO] TrainerAgent.onGameEnd: After 737 phase(s), avg trajectory utility = -6343.534945154293
[INFO] TrainerAgent.onGameEnd: After 738 phase(s), avg trajectory utility = -3598.4938933981402
[INFO] TrainerAgent.onGameEnd: After 739 phase(s), avg trajectory utility = -10264.66946694429
[INFO] TrainerAgent.onGameEnd: After 740 phase(s), avg trajectory utility = -4906.78658270683
[INFO] TrainerAgent.onGameEnd: After 741 phase(s), avg trajectory utility = -7215.034115237979
[INFO] TrainerAgent.onGameEnd: After 742 phase(s), avg trajectory utility = -5917.226137119125
[INFO] TrainerAgent.onGameEnd: After 743 phase(s), avg trajectory utility = -8224.39543995134
[INFO] TrainerAgent.onGameEnd: After 744 phase(s), avg trajectory utility = -5243.467352670033
[INFO] TrainerAgent.onGameEnd: After 745 phase(s), avg trajectory utility = -7028.715094262623
[INFO] TrainerAgent.onGameEnd: After 746 phase(s), avg trajectory utility = -7220.632441787803
[INFO] TrainerAgent.onGameEnd: After 747 phase(s), avg trajectory utility = -6819.978677201192
[INFO] TrainerAgent.onGameEnd: After 748 phase(s), avg trajectory utility = -6122.319276329679
[INFO] TrainerAgent.onGameEnd: After 749 phase(s), avg trajectory utility = -8361.191333503566
[INFO] TrainerAgent.onGameEnd: After 750 phase(s), avg trajectory utility = -10195.48897472049
[INFO] TrainerAgent.onGameEnd: After 751 phase(s), avg trajectory utility = -7930.38855723658
[INFO] TrainerAgent.onGameEnd: After 752 phase(s), avg trajectory utility = -8802.893833994136
[INFO] TrainerAgent.onGameEnd: After 753 phase(s), avg trajectory utility = -10154.763961508877
[INFO] TrainerAgent.onGameEnd: After 754 phase(s), avg trajectory utility = -8674.815011827675
[INFO] TrainerAgent.onGameEnd: After 755 phase(s), avg trajectory utility = -6320.405081842846
[INFO] TrainerAgent.onGameEnd: After 756 phase(s), avg trajectory utility = -10159.601855877308
[INFO] TrainerAgent.onGameEnd: After 757 phase(s), avg trajectory utility = -8906.398763684014
[INFO] TrainerAgent.onGameEnd: After 758 phase(s), avg trajectory utility = -5437.240664120989
[INFO] TrainerAgent.onGameEnd: After 759 phase(s), avg trajectory utility = -11816.10230128225
[INFO] TrainerAgent.onGameEnd: After 760 phase(s), avg trajectory utility = -8092.377828639417
[INFO] TrainerAgent.onGameEnd: After 761 phase(s), avg trajectory utility = -10886.659499870104
[INFO] TrainerAgent.onGameEnd: After 762 phase(s), avg trajectory utility = -9228.337767423369
[INFO] TrainerAgent.onGameEnd: After 763 phase(s), avg trajectory utility = -7147.2999978869575
[INFO] TrainerAgent.onGameEnd: After 764 phase(s), avg trajectory utility = -6093.050192967686
[INFO] TrainerAgent.onGameEnd: After 765 phase(s), avg trajectory utility = -5818.642948810763
[INFO] TrainerAgent.onGameEnd: After 766 phase(s), avg trajectory utility = -7241.809251519182
[INFO] TrainerAgent.onGameEnd: After 767 phase(s), avg trajectory utility = -5548.828102567645
[INFO] TrainerAgent.onGameEnd: After 768 phase(s), avg trajectory utility = -9993.115347206262
[INFO] TrainerAgent.onGameEnd: After 769 phase(s), avg trajectory utility = -14054.446744704434
[INFO] TrainerAgent.onGameEnd: After 770 phase(s), avg trajectory utility = -9979.692580666586
[INFO] TrainerAgent.onGameEnd: After 771 phase(s), avg trajectory utility = -7859.07627240237
[INFO] TrainerAgent.onGameEnd: After 772 phase(s), avg trajectory utility = -3801.247820951103
[INFO] TrainerAgent.onGameEnd: After 773 phase(s), avg trajectory utility = -8328.54958571203
[INFO] TrainerAgent.onGameEnd: After 774 phase(s), avg trajectory utility = -10589.710981156626
[INFO] TrainerAgent.onGameEnd: After 775 phase(s), avg trajectory utility = -6578.318228176558
[INFO] TrainerAgent.onGameEnd: After 776 phase(s), avg trajectory utility = -9671.700128060153
[INFO] TrainerAgent.onGameEnd: After 777 phase(s), avg trajectory utility = -7693.527248423571
[INFO] TrainerAgent.onGameEnd: After 778 phase(s), avg trajectory utility = -10302.695519316045
[INFO] TrainerAgent.onGameEnd: After 779 phase(s), avg trajectory utility = -6730.873337351768
[INFO] TrainerAgent.onGameEnd: After 780 phase(s), avg trajectory utility = -9487.975291990919
[INFO] TrainerAgent.onGameEnd: After 781 phase(s), avg trajectory utility = -7466.2913077951025
[INFO] TrainerAgent.onGameEnd: After 782 phase(s), avg trajectory utility = -9499.726948794938
[INFO] TrainerAgent.onGameEnd: After 783 phase(s), avg trajectory utility = -11019.415296467603
[INFO] TrainerAgent.onGameEnd: After 784 phase(s), avg trajectory utility = -7552.400030700405
[INFO] TrainerAgent.onGameEnd: After 785 phase(s), avg trajectory utility = -674.2485571849719
[INFO] TrainerAgent.onGameEnd: After 786 phase(s), avg trajectory utility = -12195.813289832231
[INFO] TrainerAgent.onGameEnd: After 787 phase(s), avg trajectory utility = -1999.8554638327687
[INFO] TrainerAgent.onGameEnd: After 788 phase(s), avg trajectory utility = -4731.736102342943
[INFO] TrainerAgent.onGameEnd: After 789 phase(s), avg trajectory utility = -3106.891381986464
[INFO] TrainerAgent.onGameEnd: After 790 phase(s), avg trajectory utility = -8115.576429767087
[INFO] TrainerAgent.onGameEnd: After 791 phase(s), avg trajectory utility = -10881.867640817305
[INFO] TrainerAgent.onGameEnd: After 792 phase(s), avg trajectory utility = -11486.034069713427
[INFO] TrainerAgent.onGameEnd: After 793 phase(s), avg trajectory utility = -8083.428501955514
[INFO] TrainerAgent.onGameEnd: After 794 phase(s), avg trajectory utility = -8527.73804688147
[INFO] TrainerAgent.onGameEnd: After 795 phase(s), avg trajectory utility = -1071.3001454050084
[INFO] TrainerAgent.onGameEnd: After 796 phase(s), avg trajectory utility = -10330.412705223502
[INFO] TrainerAgent.onGameEnd: After 797 phase(s), avg trajectory utility = -2196.676886687116
[INFO] TrainerAgent.onGameEnd: After 798 phase(s), avg trajectory utility = -10704.097334479931
[INFO] TrainerAgent.onGameEnd: After 799 phase(s), avg trajectory utility = -12046.051048194257
[INFO] TrainerAgent.onGameEnd: After 800 phase(s), avg trajectory utility = -7073.3758352732775
[INFO] TrainerAgent.onGameEnd: After 801 phase(s), avg trajectory utility = -7881.31503862636
[INFO] TrainerAgent.onGameEnd: After 802 phase(s), avg trajectory utility = -8815.21695016015
[INFO] TrainerAgent.onGameEnd: After 803 phase(s), avg trajectory utility = -7778.741427478238
[INFO] TrainerAgent.onGameEnd: After 804 phase(s), avg trajectory utility = -8887.133548271317
[INFO] TrainerAgent.onGameEnd: After 805 phase(s), avg trajectory utility = -6484.053630887384
[INFO] TrainerAgent.onGameEnd: After 806 phase(s), avg trajectory utility = -9079.251720580205
[INFO] TrainerAgent.onGameEnd: After 807 phase(s), avg trajectory utility = -9038.275153224771
[INFO] TrainerAgent.onGameEnd: After 808 phase(s), avg trajectory utility = -8457.891378670378
[INFO] TrainerAgent.onGameEnd: After 809 phase(s), avg trajectory utility = -10676.74058521939
[INFO] TrainerAgent.onGameEnd: After 810 phase(s), avg trajectory utility = -6136.474941065194
[INFO] TrainerAgent.onGameEnd: After 811 phase(s), avg trajectory utility = -9669.646913261682
[INFO] TrainerAgent.onGameEnd: After 812 phase(s), avg trajectory utility = -4859.241985972612
[INFO] TrainerAgent.onGameEnd: After 813 phase(s), avg trajectory utility = -3982.19200167645
[INFO] TrainerAgent.onGameEnd: After 814 phase(s), avg trajectory utility = -2762.0517535968165
[INFO] TrainerAgent.onGameEnd: After 815 phase(s), avg trajectory utility = -10714.692727570471
[INFO] TrainerAgent.onGameEnd: After 816 phase(s), avg trajectory utility = -8698.693330907157
[INFO] TrainerAgent.onGameEnd: After 817 phase(s), avg trajectory utility = -3533.957932812141
[INFO] TrainerAgent.onGameEnd: After 818 phase(s), avg trajectory utility = -7115.895948194724
[INFO] TrainerAgent.onGameEnd: After 819 phase(s), avg trajectory utility = -13472.417743431464
[INFO] TrainerAgent.onGameEnd: After 820 phase(s), avg trajectory utility = -9098.746697976198
[INFO] TrainerAgent.onGameEnd: After 821 phase(s), avg trajectory utility = -9423.034969772747
[INFO] TrainerAgent.onGameEnd: After 822 phase(s), avg trajectory utility = -8588.779743195382
[INFO] TrainerAgent.onGameEnd: After 823 phase(s), avg trajectory utility = -4476.196504016522
[INFO] TrainerAgent.onGameEnd: After 824 phase(s), avg trajectory utility = -5765.1128486623775
[INFO] TrainerAgent.onGameEnd: After 825 phase(s), avg trajectory utility = -6645.885241650245
[INFO] TrainerAgent.onGameEnd: After 826 phase(s), avg trajectory utility = -3534.8624923605507
[INFO] TrainerAgent.onGameEnd: After 827 phase(s), avg trajectory utility = -3228.957389144572
[INFO] TrainerAgent.onGameEnd: After 828 phase(s), avg trajectory utility = -10404.498582684002
[INFO] TrainerAgent.onGameEnd: After 829 phase(s), avg trajectory utility = -3847.1636109311976
[INFO] TrainerAgent.onGameEnd: After 830 phase(s), avg trajectory utility = -8991.595493777853
[INFO] TrainerAgent.onGameEnd: After 831 phase(s), avg trajectory utility = -9714.310172718227
[INFO] TrainerAgent.onGameEnd: After 832 phase(s), avg trajectory utility = -4446.04616043548
[INFO] TrainerAgent.onGameEnd: After 833 phase(s), avg trajectory utility = -4754.066648312048
[INFO] TrainerAgent.onGameEnd: After 834 phase(s), avg trajectory utility = -2135.05112936475
[INFO] TrainerAgent.onGameEnd: After 835 phase(s), avg trajectory utility = -8295.094455224305
[INFO] TrainerAgent.onGameEnd: After 836 phase(s), avg trajectory utility = -7684.562028092203
[INFO] TrainerAgent.onGameEnd: After 837 phase(s), avg trajectory utility = -10427.171555563486
[INFO] TrainerAgent.onGameEnd: After 838 phase(s), avg trajectory utility = -5433.72550776677

